<?xml version="1.0" encoding="UTF-8" ?>
<testsuite failures="0" time="0.024" errors="0" skipped="0" tests="1" name="cn.edu.nju.moon.test.TestCase">
  <properties>
    <property name="java.runtime.name" value="Java(TM) SE Runtime Environment"/>
    <property name="sun.boot.library.path" value="/usr/java/jdk1.7.0/jre/lib/i386"/>
    <property name="java.vm.version" value="21.0-b17"/>
    <property name="java.vm.vendor" value="Oracle Corporation"/>
    <property name="java.vendor.url" value="http://java.oracle.com/"/>
    <property name="path.separator" value=":"/>
    <property name="java.vm.name" value="Java HotSpot(TM) Server VM"/>
    <property name="file.encoding.pkg" value="sun.io"/>
    <property name="user.country" value="US"/>
    <property name="sun.java.launcher" value="SUN_STANDARD"/>
    <property name="sun.os.patch.level" value="unknown"/>
    <property name="java.vm.specification.name" value="Java Virtual Machine Specification"/>
    <property name="user.dir" value="/home/deerstalker/conup/conup-read-only/samples/hydrology-typhoon-db"/>
    <property name="java.runtime.version" value="1.7.0-b147"/>
    <property name="java.awt.graphicsenv" value="sun.awt.X11GraphicsEnvironment"/>
    <property name="basedir" value="/home/deerstalker/conup/conup-read-only/samples/hydrology-typhoon-db"/>
    <property name="java.endorsed.dirs" value="/usr/java/jdk1.7.0/jre/lib/endorsed"/>
    <property name="os.arch" value="i386"/>
    <property name="surefire.real.class.path" value="/tmp/surefirebooter6174974638237595890.jar"/>
    <property name="java.io.tmpdir" value="/tmp"/>
    <property name="line.separator" value="
"/>
    <property name="java.vm.specification.vendor" value="Oracle Corporation"/>
    <property name="os.name" value="Linux"/>
    <property name="sun.jnu.encoding" value="UTF-8"/>
    <property name="java.library.path" value="/usr/java/jdk1.7.0/jre/lib/i386/server:/usr/java/jdk1.7.0/jre/lib/i386:/usr/java/jdk1.7.0/jre/../lib/i386:/usr/java/jdk1.7.0/jre/lib/i386/client:/usr/java/jdk1.7.0/jre/lib/i386::/usr/java/packages/lib/i386:/lib:/usr/lib"/>
    <property name="surefire.test.class.path" value="/home/deerstalker/conup/conup-read-only/samples/hydrology-typhoon-db/target/test-classes:/home/deerstalker/conup/conup-read-only/samples/hydrology-typhoon-db/target/classes:/home/deerstalker/.m2/repository/mysql/mysql-connector-java/5.0.3/mysql-connector-java-5.0.3.jar:/home/deerstalker/.m2/repository/proxool/proxool/0.8.3/proxool-0.8.3.jar:/home/deerstalker/.m2/repository/org/apache/tuscany/sca/tuscany-host-jetty/2.0/tuscany-host-jetty-2.0.jar:/home/deerstalker/.m2/repository/org/apache/tuscany/sca/tuscany-host-http/2.0/tuscany-host-http-2.0.jar:/home/deerstalker/.m2/repository/org/mortbay/jetty/jetty/6.1.26/jetty-6.1.26.jar:/home/deerstalker/.m2/repository/org/mortbay/jetty/jetty-util/6.1.26/jetty-util-6.1.26.jar:/home/deerstalker/.m2/repository/javax/servlet/servlet-api/2.5/servlet-api-2.5.jar:/home/deerstalker/.m2/repository/org/apache/tuscany/sca/tuscany-binding-jsonrpc-runtime/0.9.1-DU-SNAPSHOT/tuscany-binding-jsonrpc-runtime-0.9.1-DU-SNAPSHOT.jar:/home/deerstalker/.m2/repository/org/apache/tuscany/sca/tuscany-binding-jsonrpc/2.0/tuscany-binding-jsonrpc-2.0.jar:/home/deerstalker/.m2/repository/org/apache/tuscany/sca/tuscany-assembly/2.0/tuscany-assembly-2.0.jar:/home/deerstalker/.m2/repository/org/apache/tuscany/sca/tuscany-monitor/2.0/tuscany-monitor-2.0.jar:/home/deerstalker/.m2/repository/org/apache/tuscany/sca/tuscany-core-spi/2.0/tuscany-core-spi-2.0.jar:/home/deerstalker/.m2/repository/org/apache/tuscany/sca/tuscany-extensibility/2.0/tuscany-extensibility-2.0.jar:/home/deerstalker/.m2/repository/org/apache/tuscany/sca/tuscany-sca-api/2.0/tuscany-sca-api-2.0.jar:/home/deerstalker/.m2/repository/org/apache/tuscany/sca/tuscany-contribution/2.0/tuscany-contribution-2.0.jar:/home/deerstalker/.m2/repository/org/apache/tuscany/sca/tuscany-assembly-xsd/2.0/tuscany-assembly-xsd-2.0.jar:/home/deerstalker/.m2/repository/org/apache/tuscany/sca/tuscany-common-java/2.0/tuscany-common-java-2.0.jar:/home/deerstalker/.m2/repository/org/apache/tuscany/sca/tuscany-core/2.0/tuscany-core-2.0.jar:/home/deerstalker/.m2/repository/org/apache/tuscany/sca/tuscany-interface-java/2.0/tuscany-interface-java-2.0.jar:/home/deerstalker/.m2/repository/org/apache/tuscany/sca/tuscany-interface-wsdl/2.0/tuscany-interface-wsdl-2.0.jar:/home/deerstalker/.m2/repository/cglib/cglib/2.2/cglib-2.2.jar:/home/deerstalker/.m2/repository/asm/asm/3.1/asm-3.1.jar:/home/deerstalker/.m2/repository/org/apache/tuscany/sca/tuscany-databinding/2.0/tuscany-databinding-2.0.jar:/home/deerstalker/.m2/repository/org/apache/tuscany/sca/tuscany-xsd/2.0/tuscany-xsd-2.0.jar:/home/deerstalker/.m2/repository/org/apache/ws/commons/schema/XmlSchema/1.4.3/XmlSchema-1.4.3.jar:/home/deerstalker/.m2/repository/org/apache/tuscany/sca/tuscany-common-xml/2.0/tuscany-common-xml-2.0.jar:/home/deerstalker/.m2/repository/org/apache/tuscany/sca/tuscany-databinding-json/2.0/tuscany-databinding-json-2.0.jar:/home/deerstalker/.m2/repository/org/codehaus/jackson/jackson-core-asl/1.9.4/jackson-core-asl-1.9.4.jar:/home/deerstalker/.m2/repository/org/codehaus/jackson/jackson-mapper-asl/1.9.4/jackson-mapper-asl-1.9.4.jar:/home/deerstalker/.m2/repository/org/codehaus/jackson/jackson-xc/1.9.4/jackson-xc-1.9.4.jar:/home/deerstalker/.m2/repository/com/fasterxml/jackson-module-json-org/0.9.1/jackson-module-json-org-0.9.1.jar:/home/deerstalker/.m2/repository/org/codehaus/jettison/jettison/1.2/jettison-1.2.jar:/home/deerstalker/.m2/repository/org/apache/ws/commons/axiom/axiom-api/1.2.10/axiom-api-1.2.10.jar:/home/deerstalker/.m2/repository/org/apache/geronimo/specs/geronimo-javamail_1.4_spec/1.6/geronimo-javamail_1.4_spec-1.6.jar:/home/deerstalker/.m2/repository/jaxen/jaxen/1.1.1/jaxen-1.1.1.jar:/home/deerstalker/.m2/repository/org/apache/ws/commons/axiom/axiom-impl/1.2.10/axiom-impl-1.2.10.jar:/home/deerstalker/.m2/repository/org/apache/tuscany/sca/tuscany-common-http/2.0/tuscany-common-http-2.0.jar:/home/deerstalker/.m2/repository/org/apache/tuscany/sca/tuscany-assembly-xml/2.0/tuscany-assembly-xml-2.0.jar:/home/deerstalker/.m2/repository/org/apache/tuscany/sca/tuscany-web-javascript/2.0/tuscany-web-javascript-2.0.jar:/home/deerstalker/.m2/repository/org/apache/httpcomponents/httpclient/4.1.3/httpclient-4.1.3.jar:/home/deerstalker/.m2/repository/org/apache/httpcomponents/httpcore/4.1.4/httpcore-4.1.4.jar:/home/deerstalker/.m2/repository/commons-codec/commons-codec/1.4/commons-codec-1.4.jar:/home/deerstalker/.m2/repository/org/json/json/20090211/json-20090211.jar:/home/deerstalker/.m2/repository/org/slf4j/slf4j-api/1.6.1/slf4j-api-1.6.1.jar:/home/deerstalker/.m2/repository/commons-logging/commons-logging/1.1.1/commons-logging-1.1.1.jar:/home/deerstalker/.m2/repository/junit/junit/4.8.1/junit-4.8.1.jar:/home/deerstalker/.m2/repository/org/apache/tuscany/sca/tuscany-domain-hazelcast/2.0/tuscany-domain-hazelcast-2.0.jar:/home/deerstalker/.m2/repository/com/hazelcast/hazelcast/1.9.2.2/hazelcast-1.9.2.2.jar:/home/deerstalker/.m2/repository/com/hazelcast/hazelcast-client/1.9.2.2/hazelcast-client-1.9.2.2.jar:/home/deerstalker/.m2/repository/cn/edu/nju/moon/conup-trace/0.9.1-DU-SNAPSHOT/conup-trace-0.9.1-DU-SNAPSHOT.jar:/home/deerstalker/.m2/repository/javax/transaction/transaction-api/1.1/transaction-api-1.1.jar:/home/deerstalker/.m2/repository/org/apache/maven/maven-plugin-api/2.0/maven-plugin-api-2.0.jar:/home/deerstalker/.m2/repository/org/apache/neethi/neethi/2.0.4/neethi-2.0.4.jar:/home/deerstalker/.m2/repository/wsdl4j/wsdl4j/1.6.2/wsdl4j-1.6.2.jar:/home/deerstalker/.m2/repository/org/codehaus/woodstox/wstx-asl/3.2.4/wstx-asl-3.2.4.jar:/home/deerstalker/.m2/repository/stax/stax-api/1.0.1/stax-api-1.0.1.jar:/home/deerstalker/.m2/repository/org/apache/tuscany/sca/tuscany-domain-node/0.9.1-DU-SNAPSHOT/tuscany-domain-node-0.9.1-DU-SNAPSHOT.jar:/home/deerstalker/.m2/repository/org/apache/tuscany/sca/tuscany-node-impl/2.0/tuscany-node-impl-2.0.jar:/home/deerstalker/.m2/repository/org/apache/tuscany/sca/tuscany-node-api/2.0/tuscany-node-api-2.0.jar:/home/deerstalker/.m2/repository/org/apache/tuscany/sca/tuscany-deployment/2.0/tuscany-deployment-2.0.jar:/home/deerstalker/.m2/repository/org/apache/tuscany/sca/tuscany-builder/2.0/tuscany-builder-2.0.jar:/home/deerstalker/.m2/repository/org/apache/tuscany/sca/tuscany-binding-sca-runtime/2.0/tuscany-binding-sca-runtime-2.0.jar:/home/deerstalker/.m2/repository/org/apache/tuscany/sca/tuscany-binding-ws-wsdlgen/2.0/tuscany-binding-ws-wsdlgen-2.0.jar:/home/deerstalker/.m2/repository/org/apache/tuscany/sca/tuscany-databinding-jaxb/2.0/tuscany-databinding-jaxb-2.0.jar:/home/deerstalker/.m2/repository/org/apache/tuscany/sca/tuscany-core-databinding/0.9.1-DU-SNAPSHOT/tuscany-core-databinding-0.9.1-DU-SNAPSHOT.jar:/home/deerstalker/.m2/repository/org/apache/tuscany/sca/tuscany-interface-java-jaxws/2.0/tuscany-interface-java-jaxws-2.0.jar:/home/deerstalker/.m2/repository/cn/edu/nju/moon/conup-tuscany-extension/0.9.1-DU-SNAPSHOT/conup-tuscany-extension-0.9.1-DU-SNAPSHOT.jar:/home/deerstalker/.m2/repository/org/apache/tuscany/sca/tuscany-implementation-java-runtime/0.9.1-DU-SNAPSHOT/tuscany-implementation-java-runtime-0.9.1-DU-SNAPSHOT.jar:/home/deerstalker/.m2/repository/org/apache/tuscany/sca/tuscany-implementation-java/2.0/tuscany-implementation-java-2.0.jar:/home/deerstalker/.m2/repository/org/apache/tuscany/sca/tuscany-binding-ws/2.0/tuscany-binding-ws-2.0.jar:/home/deerstalker/.m2/repository/org/jdom/jdom/1.1/jdom-1.1.jar:/home/deerstalker/.m2/repository/cn/edu/nju/moon/conup-communication-api/0.9.1-DU-SNAPSHOT/conup-communication-api-0.9.1-DU-SNAPSHOT.jar:/home/deerstalker/.m2/repository/cn/edu/nju/moon/conup-communication/0.9.1-DU-SNAPSHOT/conup-communication-0.9.1-DU-SNAPSHOT.jar:/home/deerstalker/.m2/repository/org/apache/mina/mina-core/2.0.7/mina-core-2.0.7.jar:/home/deerstalker/.m2/repository/org/slf4j/slf4j-simple/1.7.2/slf4j-simple-1.7.2.jar:/home/deerstalker/.m2/repository/cn/edu/nju/moon/conup-remote-configuration/0.9.1-DU-SNAPSHOT/conup-remote-configuration-0.9.1-DU-SNAPSHOT.jar:/home/deerstalker/.m2/repository/cn/edu/nju/moon/conup-spi/0.9.1-DU-SNAPSHOT/conup-spi-0.9.1-DU-SNAPSHOT.jar:/home/deerstalker/.m2/repository/org/apache/tuscany/sca/tuscany-binding-rest-runtime/2.0/tuscany-binding-rest-runtime-2.0.jar:/home/deerstalker/.m2/repository/org/apache/tuscany/sca/tuscany-binding-rest/2.0/tuscany-binding-rest-2.0.jar:/home/deerstalker/.m2/repository/org/apache/tuscany/sca/tuscany-interface-java-jaxrs/2.0/tuscany-interface-java-jaxrs-2.0.jar:/home/deerstalker/.m2/repository/org/apache/wink/wink-common/1.2.0-incubating/wink-common-1.2.0-incubating.jar:/home/deerstalker/.m2/repository/org/apache/geronimo/specs/geronimo-annotation_1.1_spec/1.0/geronimo-annotation_1.1_spec-1.0.jar:/home/deerstalker/.m2/repository/org/apache/wink/wink-server/1.2.0-incubating/wink-server-1.2.0-incubating.jar:/home/deerstalker/.m2/repository/commons-lang/commons-lang/2.3/commons-lang-2.3.jar:/home/deerstalker/.m2/repository/org/apache/wink/wink-client-apache-httpclient/1.2.0-incubating/wink-client-apache-httpclient-1.2.0-incubating.jar:/home/deerstalker/.m2/repository/org/apache/wink/wink-client/1.2.0-incubating/wink-client-1.2.0-incubating.jar:/home/deerstalker/.m2/repository/org/slf4j/jcl-over-slf4j/1.6.1/jcl-over-slf4j-1.6.1.jar:/home/deerstalker/.m2/repository/org/slf4j/slf4j-jdk14/1.6.1/slf4j-jdk14-1.6.1.jar:/home/deerstalker/.m2/repository/javax/ws/rs/jsr311-api/1.1.1/jsr311-api-1.1.1.jar:"/>
    <property name="java.specification.name" value="Java Platform API Specification"/>
    <property name="java.class.version" value="51.0"/>
    <property name="sun.management.compiler" value="HotSpot Tiered Compilers"/>
    <property name="os.version" value="3.2.0-49-generic-pae"/>
    <property name="user.home" value="/home/deerstalker"/>
    <property name="user.timezone" value=""/>
    <property name="java.awt.printerjob" value="sun.print.PSPrinterJob"/>
    <property name="file.encoding" value="UTF-8"/>
    <property name="java.specification.version" value="1.7"/>
    <property name="user.name" value="deerstalker"/>
    <property name="java.class.path" value="/home/deerstalker/conup/conup-read-only/samples/hydrology-typhoon-db/target/test-classes:/home/deerstalker/conup/conup-read-only/samples/hydrology-typhoon-db/target/classes:/home/deerstalker/.m2/repository/mysql/mysql-connector-java/5.0.3/mysql-connector-java-5.0.3.jar:/home/deerstalker/.m2/repository/proxool/proxool/0.8.3/proxool-0.8.3.jar:/home/deerstalker/.m2/repository/org/apache/tuscany/sca/tuscany-host-jetty/2.0/tuscany-host-jetty-2.0.jar:/home/deerstalker/.m2/repository/org/apache/tuscany/sca/tuscany-host-http/2.0/tuscany-host-http-2.0.jar:/home/deerstalker/.m2/repository/org/mortbay/jetty/jetty/6.1.26/jetty-6.1.26.jar:/home/deerstalker/.m2/repository/org/mortbay/jetty/jetty-util/6.1.26/jetty-util-6.1.26.jar:/home/deerstalker/.m2/repository/javax/servlet/servlet-api/2.5/servlet-api-2.5.jar:/home/deerstalker/.m2/repository/org/apache/tuscany/sca/tuscany-binding-jsonrpc-runtime/0.9.1-DU-SNAPSHOT/tuscany-binding-jsonrpc-runtime-0.9.1-DU-SNAPSHOT.jar:/home/deerstalker/.m2/repository/org/apache/tuscany/sca/tuscany-binding-jsonrpc/2.0/tuscany-binding-jsonrpc-2.0.jar:/home/deerstalker/.m2/repository/org/apache/tuscany/sca/tuscany-assembly/2.0/tuscany-assembly-2.0.jar:/home/deerstalker/.m2/repository/org/apache/tuscany/sca/tuscany-monitor/2.0/tuscany-monitor-2.0.jar:/home/deerstalker/.m2/repository/org/apache/tuscany/sca/tuscany-core-spi/2.0/tuscany-core-spi-2.0.jar:/home/deerstalker/.m2/repository/org/apache/tuscany/sca/tuscany-extensibility/2.0/tuscany-extensibility-2.0.jar:/home/deerstalker/.m2/repository/org/apache/tuscany/sca/tuscany-sca-api/2.0/tuscany-sca-api-2.0.jar:/home/deerstalker/.m2/repository/org/apache/tuscany/sca/tuscany-contribution/2.0/tuscany-contribution-2.0.jar:/home/deerstalker/.m2/repository/org/apache/tuscany/sca/tuscany-assembly-xsd/2.0/tuscany-assembly-xsd-2.0.jar:/home/deerstalker/.m2/repository/org/apache/tuscany/sca/tuscany-common-java/2.0/tuscany-common-java-2.0.jar:/home/deerstalker/.m2/repository/org/apache/tuscany/sca/tuscany-core/2.0/tuscany-core-2.0.jar:/home/deerstalker/.m2/repository/org/apache/tuscany/sca/tuscany-interface-java/2.0/tuscany-interface-java-2.0.jar:/home/deerstalker/.m2/repository/org/apache/tuscany/sca/tuscany-interface-wsdl/2.0/tuscany-interface-wsdl-2.0.jar:/home/deerstalker/.m2/repository/cglib/cglib/2.2/cglib-2.2.jar:/home/deerstalker/.m2/repository/asm/asm/3.1/asm-3.1.jar:/home/deerstalker/.m2/repository/org/apache/tuscany/sca/tuscany-databinding/2.0/tuscany-databinding-2.0.jar:/home/deerstalker/.m2/repository/org/apache/tuscany/sca/tuscany-xsd/2.0/tuscany-xsd-2.0.jar:/home/deerstalker/.m2/repository/org/apache/ws/commons/schema/XmlSchema/1.4.3/XmlSchema-1.4.3.jar:/home/deerstalker/.m2/repository/org/apache/tuscany/sca/tuscany-common-xml/2.0/tuscany-common-xml-2.0.jar:/home/deerstalker/.m2/repository/org/apache/tuscany/sca/tuscany-databinding-json/2.0/tuscany-databinding-json-2.0.jar:/home/deerstalker/.m2/repository/org/codehaus/jackson/jackson-core-asl/1.9.4/jackson-core-asl-1.9.4.jar:/home/deerstalker/.m2/repository/org/codehaus/jackson/jackson-mapper-asl/1.9.4/jackson-mapper-asl-1.9.4.jar:/home/deerstalker/.m2/repository/org/codehaus/jackson/jackson-xc/1.9.4/jackson-xc-1.9.4.jar:/home/deerstalker/.m2/repository/com/fasterxml/jackson-module-json-org/0.9.1/jackson-module-json-org-0.9.1.jar:/home/deerstalker/.m2/repository/org/codehaus/jettison/jettison/1.2/jettison-1.2.jar:/home/deerstalker/.m2/repository/org/apache/ws/commons/axiom/axiom-api/1.2.10/axiom-api-1.2.10.jar:/home/deerstalker/.m2/repository/org/apache/geronimo/specs/geronimo-javamail_1.4_spec/1.6/geronimo-javamail_1.4_spec-1.6.jar:/home/deerstalker/.m2/repository/jaxen/jaxen/1.1.1/jaxen-1.1.1.jar:/home/deerstalker/.m2/repository/org/apache/ws/commons/axiom/axiom-impl/1.2.10/axiom-impl-1.2.10.jar:/home/deerstalker/.m2/repository/org/apache/tuscany/sca/tuscany-common-http/2.0/tuscany-common-http-2.0.jar:/home/deerstalker/.m2/repository/org/apache/tuscany/sca/tuscany-assembly-xml/2.0/tuscany-assembly-xml-2.0.jar:/home/deerstalker/.m2/repository/org/apache/tuscany/sca/tuscany-web-javascript/2.0/tuscany-web-javascript-2.0.jar:/home/deerstalker/.m2/repository/org/apache/httpcomponents/httpclient/4.1.3/httpclient-4.1.3.jar:/home/deerstalker/.m2/repository/org/apache/httpcomponents/httpcore/4.1.4/httpcore-4.1.4.jar:/home/deerstalker/.m2/repository/commons-codec/commons-codec/1.4/commons-codec-1.4.jar:/home/deerstalker/.m2/repository/org/json/json/20090211/json-20090211.jar:/home/deerstalker/.m2/repository/org/slf4j/slf4j-api/1.6.1/slf4j-api-1.6.1.jar:/home/deerstalker/.m2/repository/commons-logging/commons-logging/1.1.1/commons-logging-1.1.1.jar:/home/deerstalker/.m2/repository/junit/junit/4.8.1/junit-4.8.1.jar:/home/deerstalker/.m2/repository/org/apache/tuscany/sca/tuscany-domain-hazelcast/2.0/tuscany-domain-hazelcast-2.0.jar:/home/deerstalker/.m2/repository/com/hazelcast/hazelcast/1.9.2.2/hazelcast-1.9.2.2.jar:/home/deerstalker/.m2/repository/com/hazelcast/hazelcast-client/1.9.2.2/hazelcast-client-1.9.2.2.jar:/home/deerstalker/.m2/repository/cn/edu/nju/moon/conup-trace/0.9.1-DU-SNAPSHOT/conup-trace-0.9.1-DU-SNAPSHOT.jar:/home/deerstalker/.m2/repository/javax/transaction/transaction-api/1.1/transaction-api-1.1.jar:/home/deerstalker/.m2/repository/org/apache/maven/maven-plugin-api/2.0/maven-plugin-api-2.0.jar:/home/deerstalker/.m2/repository/org/apache/neethi/neethi/2.0.4/neethi-2.0.4.jar:/home/deerstalker/.m2/repository/wsdl4j/wsdl4j/1.6.2/wsdl4j-1.6.2.jar:/home/deerstalker/.m2/repository/org/codehaus/woodstox/wstx-asl/3.2.4/wstx-asl-3.2.4.jar:/home/deerstalker/.m2/repository/stax/stax-api/1.0.1/stax-api-1.0.1.jar:/home/deerstalker/.m2/repository/org/apache/tuscany/sca/tuscany-domain-node/0.9.1-DU-SNAPSHOT/tuscany-domain-node-0.9.1-DU-SNAPSHOT.jar:/home/deerstalker/.m2/repository/org/apache/tuscany/sca/tuscany-node-impl/2.0/tuscany-node-impl-2.0.jar:/home/deerstalker/.m2/repository/org/apache/tuscany/sca/tuscany-node-api/2.0/tuscany-node-api-2.0.jar:/home/deerstalker/.m2/repository/org/apache/tuscany/sca/tuscany-deployment/2.0/tuscany-deployment-2.0.jar:/home/deerstalker/.m2/repository/org/apache/tuscany/sca/tuscany-builder/2.0/tuscany-builder-2.0.jar:/home/deerstalker/.m2/repository/org/apache/tuscany/sca/tuscany-binding-sca-runtime/2.0/tuscany-binding-sca-runtime-2.0.jar:/home/deerstalker/.m2/repository/org/apache/tuscany/sca/tuscany-binding-ws-wsdlgen/2.0/tuscany-binding-ws-wsdlgen-2.0.jar:/home/deerstalker/.m2/repository/org/apache/tuscany/sca/tuscany-databinding-jaxb/2.0/tuscany-databinding-jaxb-2.0.jar:/home/deerstalker/.m2/repository/org/apache/tuscany/sca/tuscany-core-databinding/0.9.1-DU-SNAPSHOT/tuscany-core-databinding-0.9.1-DU-SNAPSHOT.jar:/home/deerstalker/.m2/repository/org/apache/tuscany/sca/tuscany-interface-java-jaxws/2.0/tuscany-interface-java-jaxws-2.0.jar:/home/deerstalker/.m2/repository/cn/edu/nju/moon/conup-tuscany-extension/0.9.1-DU-SNAPSHOT/conup-tuscany-extension-0.9.1-DU-SNAPSHOT.jar:/home/deerstalker/.m2/repository/org/apache/tuscany/sca/tuscany-implementation-java-runtime/0.9.1-DU-SNAPSHOT/tuscany-implementation-java-runtime-0.9.1-DU-SNAPSHOT.jar:/home/deerstalker/.m2/repository/org/apache/tuscany/sca/tuscany-implementation-java/2.0/tuscany-implementation-java-2.0.jar:/home/deerstalker/.m2/repository/org/apache/tuscany/sca/tuscany-binding-ws/2.0/tuscany-binding-ws-2.0.jar:/home/deerstalker/.m2/repository/org/jdom/jdom/1.1/jdom-1.1.jar:/home/deerstalker/.m2/repository/cn/edu/nju/moon/conup-communication-api/0.9.1-DU-SNAPSHOT/conup-communication-api-0.9.1-DU-SNAPSHOT.jar:/home/deerstalker/.m2/repository/cn/edu/nju/moon/conup-communication/0.9.1-DU-SNAPSHOT/conup-communication-0.9.1-DU-SNAPSHOT.jar:/home/deerstalker/.m2/repository/org/apache/mina/mina-core/2.0.7/mina-core-2.0.7.jar:/home/deerstalker/.m2/repository/org/slf4j/slf4j-simple/1.7.2/slf4j-simple-1.7.2.jar:/home/deerstalker/.m2/repository/cn/edu/nju/moon/conup-remote-configuration/0.9.1-DU-SNAPSHOT/conup-remote-configuration-0.9.1-DU-SNAPSHOT.jar:/home/deerstalker/.m2/repository/cn/edu/nju/moon/conup-spi/0.9.1-DU-SNAPSHOT/conup-spi-0.9.1-DU-SNAPSHOT.jar:/home/deerstalker/.m2/repository/org/apache/tuscany/sca/tuscany-binding-rest-runtime/2.0/tuscany-binding-rest-runtime-2.0.jar:/home/deerstalker/.m2/repository/org/apache/tuscany/sca/tuscany-binding-rest/2.0/tuscany-binding-rest-2.0.jar:/home/deerstalker/.m2/repository/org/apache/tuscany/sca/tuscany-interface-java-jaxrs/2.0/tuscany-interface-java-jaxrs-2.0.jar:/home/deerstalker/.m2/repository/org/apache/wink/wink-common/1.2.0-incubating/wink-common-1.2.0-incubating.jar:/home/deerstalker/.m2/repository/org/apache/geronimo/specs/geronimo-annotation_1.1_spec/1.0/geronimo-annotation_1.1_spec-1.0.jar:/home/deerstalker/.m2/repository/org/apache/wink/wink-server/1.2.0-incubating/wink-server-1.2.0-incubating.jar:/home/deerstalker/.m2/repository/commons-lang/commons-lang/2.3/commons-lang-2.3.jar:/home/deerstalker/.m2/repository/org/apache/wink/wink-client-apache-httpclient/1.2.0-incubating/wink-client-apache-httpclient-1.2.0-incubating.jar:/home/deerstalker/.m2/repository/org/apache/wink/wink-client/1.2.0-incubating/wink-client-1.2.0-incubating.jar:/home/deerstalker/.m2/repository/org/slf4j/jcl-over-slf4j/1.6.1/jcl-over-slf4j-1.6.1.jar:/home/deerstalker/.m2/repository/org/slf4j/slf4j-jdk14/1.6.1/slf4j-jdk14-1.6.1.jar:/home/deerstalker/.m2/repository/javax/ws/rs/jsr311-api/1.1.1/jsr311-api-1.1.1.jar:"/>
    <property name="java.vm.specification.version" value="1.7"/>
    <property name="sun.arch.data.model" value="32"/>
    <property name="java.home" value="/usr/java/jdk1.7.0/jre"/>
    <property name="sun.java.command" value="/tmp/surefirebooter6174974638237595890.jar /tmp/surefire3975049591745194827tmp /tmp/surefire4037825544233256658tmp"/>
    <property name="java.specification.vendor" value="Oracle Corporation"/>
    <property name="user.language" value="en"/>
    <property name="awt.toolkit" value="sun.awt.X11.XToolkit"/>
    <property name="java.vm.info" value="mixed mode"/>
    <property name="java.version" value="1.7.0"/>
    <property name="java.ext.dirs" value="/usr/java/jdk1.7.0/jre/lib/ext:/usr/java/packages/lib/ext"/>
    <property name="sun.boot.class.path" value="/usr/java/jdk1.7.0/jre/lib/resources.jar:/usr/java/jdk1.7.0/jre/lib/rt.jar:/usr/java/jdk1.7.0/jre/lib/sunrsasign.jar:/usr/java/jdk1.7.0/jre/lib/jsse.jar:/usr/java/jdk1.7.0/jre/lib/jce.jar:/usr/java/jdk1.7.0/jre/lib/charsets.jar:/usr/java/jdk1.7.0/jre/classes"/>
    <property name="java.vendor" value="Oracle Corporation"/>
    <property name="localRepository" value="/home/deerstalker/.m2/repository"/>
    <property name="file.separator" value="/"/>
    <property name="java.vendor.url.bug" value="http://bugreport.sun.com/bugreport/"/>
    <property name="sun.cpu.endian" value="little"/>
    <property name="sun.io.unicode.encoding" value="UnicodeLittle"/>
    <property name="sun.desktop" value="gnome"/>
    <property name="sun.cpu.isalist" value=""/>
  </properties>
  <testcase time="0.004" classname="cn.edu.nju.moon.test.TestCase" name="test"/>
</testsuite>